<?xml version="1.0" encoding="UTF-8"?>
<testsuite xmlns:xsi="http://www.w3.org/2001/XMLSchema-instance" xsi:noNamespaceSchemaLocation="https://maven.apache.org/surefire/maven-surefire-plugin/xsd/surefire-test-report.xsd" name="TestSelect" time="0.003" tests="1" errors="1" skipped="0" failures="0">
  <properties>
[...]
</properties>
  <testcase name="test1" classname="TestSelect" time="0.002">
    <error type="java.lang.NullPointerException">java.lang.NullPointerException
	at TestSelect.test1(TestSelect.java:16)
</error>
    <system-out><![CDATA[abc.wuyan.model.User@9cc76820
]]></system-out>
  </testcase>
</testsuite>